<?xml version="1.0" encoding="UTF-8"?>
<!-- Generated by org.testng.reporters.JUnitReportReporter -->
<testsuite hostname="IN-LP-84" failures="0" tests="2" name="tc.TC_Login" time="1.970" errors="0" timestamp="2024-07-25T12:30:36 IST" skipped="0">
  <testcase classname="tc.TC_Login" name="LoginWithInvalidUsername" time="0.931"/>
  <testcase classname="tc.TC_Login" name="LoginPage" time="1.039"/>
</testsuite> <!-- tc.TC_Login -->
