<?xml version="1.0" encoding="UTF-8"?>
<!-- Generated by org.testng.reporters.JUnitReportReporter -->
<testsuite hostname="IN-LP-84" failures="0" tests="4" name="tc.TC_Add_IssueType" time="15.145" errors="0" timestamp="2024-08-30T12:09:51 IST" skipped="3">
  <testcase classname="tc.TC_Add_IssueType" name="EditIssue" time="0.262"/>
  <testcase classname="tc.TC_Add_IssueType" name="TestAddBtn" time="0.015">
    <skipped/>
  </testcase> <!-- TestAddBtn -->
  <testcase classname="tc.TC_Add_IssueType" name="TestAddBtn" time="14.830">
    <skipped/>
  </testcase> <!-- TestAddBtn -->
  <testcase classname="tc.TC_Add_IssueType" name="TestAddBtn" time="0.038">
    <skipped/>
  </testcase> <!-- TestAddBtn -->
</testsuite> <!-- tc.TC_Add_IssueType -->
