<?xml version="1.0" encoding="UTF-8"?>
<!-- Generated by org.testng.reporters.JUnitReportReporter -->
<testsuite hostname="IN-LP-84" failures="0" tests="3" name="tc.TC_Add_User" time="81.693" errors="0" timestamp="2024-07-25T12:27:47 IST" skipped="3">
  <testcase classname="tc.TC_Add_User" name="AddAdminUser" time="60.987">
    <skipped/>
  </testcase> <!-- AddAdminUser -->
  <testcase classname="tc.TC_Add_User" name="AddAdminUser" time="10.500">
    <skipped/>
  </testcase> <!-- AddAdminUser -->
  <testcase classname="tc.TC_Add_User" name="AddAdminUser" time="10.206">
    <skipped/>
  </testcase> <!-- AddAdminUser -->
</testsuite> <!-- tc.TC_Add_User -->
