<?xml version="1.0" encoding="UTF-8"?>
<!-- Generated by org.testng.reporters.JUnitReportReporter -->
<testsuite hostname="IN-LP-84" failures="0" tests="3" name="tc.TC_Add_Task" time="35.892" errors="0" timestamp="2024-07-25T12:30:26 IST" skipped="3">
  <testcase classname="tc.TC_Add_Task" name="Add_Task" time="5.661">
    <skipped/>
  </testcase> <!-- Add_Task -->
  <testcase classname="tc.TC_Add_Task" name="Add_Task" time="30.212">
    <skipped/>
  </testcase> <!-- Add_Task -->
  <testcase classname="tc.TC_Add_Task" name="Add_Task" time="0.019">
    <skipped/>
  </testcase> <!-- Add_Task -->
</testsuite> <!-- tc.TC_Add_Task -->
