<?xml version="1.0" encoding="UTF-8"?>
<!-- Generated by org.testng.reporters.JUnitReportReporter -->
<testsuite hostname="IN-LP-84" failures="0" tests="3" name="tc.TC_loginvalid" time="0.018" errors="0" timestamp="2024-08-30T12:09:51 IST" skipped="3">
  <testcase classname="tc.TC_loginvalid" name="LoginValidT" time="0.006">
    <skipped/>
  </testcase> <!-- LoginValidT -->
  <testcase classname="tc.TC_loginvalid" name="LoginValidT" time="0.005">
    <skipped/>
  </testcase> <!-- LoginValidT -->
  <testcase classname="tc.TC_loginvalid" name="LoginValidT" time="0.007">
    <skipped/>
  </testcase> <!-- LoginValidT -->
</testsuite> <!-- tc.TC_loginvalid -->
